La génération a démarré 12/06/2015 13:31:44.
     1>Projet "C:\Users\Virgile\Github\MI12\kinect\SkeletonBasics-D2D\SkeletonBasics-D2D.vcxproj" sur le nœud 2 (Build cible(s)).
     1>ClCompile:
         C:\Program Files (x86)\Microsoft Visual Studio 12.0\VC\bin\CL.exe /c /Zi /nologo /W3 /WX- /O2 /Oi /Oy- /GL /D WIN32 /D NDEBUG /D _WINDOWS /D _UNICODE /D UNICODE /Gm- /EHsc /MT /GS /Gy /fp:precise /Zc:wchar_t /Zc:forScope /Fo"Release\\" /Fd"Release\vc120.pdb" /Gd /TP /analyze- /errorReport:prompt Socket.cpp
         Socket.cpp
     1>Socket.cpp(13): warning C4996: 'fopen': This function or variable may be unsafe. Consider using fopen_s instead. To disable deprecation, use _CRT_SECURE_NO_WARNINGS. See online help for details.
                 C:\Program Files (x86)\Microsoft Visual Studio 12.0\VC\include\stdio.h(211) : voir la déclaration de 'fopen'
     1>Socket.cpp(123): warning C4996: 'strcat': This function or variable may be unsafe. Consider using strcat_s instead. To disable deprecation, use _CRT_SECURE_NO_WARNINGS. See online help for details.
                 C:\Program Files (x86)\Microsoft Visual Studio 12.0\VC\include\string.h(118) : voir la déclaration de 'strcat'
     1>Socket.cpp(144): warning C4244: 'initialisation' : conversion de 'double' en 'int', perte possible de données
       Link:
         C:\Program Files (x86)\Microsoft Visual Studio 12.0\VC\bin\link.exe /ERRORREPORT:PROMPT /OUT:"C:\Users\Virgile\Github\MI12\kinect\SkeletonBasics-D2D\Release\SkeletonBasics-D2D.exe" /INCREMENTAL:NO /NOLOGO kernel32.lib user32.lib winspool.lib comdlg32.lib advapi32.lib shell32.lib ole32.lib oleaut32.lib uuid.lib odbc32.lib odbccp32.lib Kinect10.lib kernel32.lib user32.lib gdi32.lib winspool.lib comdlg32.lib advapi32.lib shell32.lib ole32.lib oleaut32.lib uuid.lib odbc32.lib odbccp32.lib /MANIFEST /MANIFESTUAC:"level='asInvoker' uiAccess='false'" /manifest:embed /DEBUG /PDB:"C:\Users\Virgile\Github\MI12\kinect\SkeletonBasics-D2D\Release\SkeletonBasics-D2D.pdb" /SUBSYSTEM:WINDOWS /OPT:REF /OPT:ICF /LTCG /TLBID:1 /DYNAMICBASE /NXCOMPAT /IMPLIB:"C:\Users\Virgile\Github\MI12\kinect\SkeletonBasics-D2D\Release\SkeletonBasics-D2D.lib" /MACHINE:X86 /SAFESEH Release\SkeletonBasics.res
         Release\SkeletonBasics.obj
         Release\Socket.obj
         Génération de code en cours
         Fin de la génération du code
         SkeletonBasics-D2D.vcxproj -> C:\Users\Virgile\Github\MI12\kinect\SkeletonBasics-D2D\Release\SkeletonBasics-D2D.exe
     1>Génération du projet "C:\Users\Virgile\Github\MI12\kinect\SkeletonBasics-D2D\SkeletonBasics-D2D.vcxproj" terminée (Build cible(s)).

La génération a réussi.

Temps écoulé 00:00:02.43
